<?xml version="1.0" encoding="UTF-8"?>
<!-- Generated by org.testng.reporters.JUnitXMLReporter -->
<testsuite ignored="0" hostname="DESKTOP-4L6TF0K" failures="0" tests="4" name="Default test" time="15.159" errors="0" timestamp="2025-09-13T23:09:17 EET">
  <testcase classname="bigproject.testbig" name="signup" time="7.427"/>
  <testcase classname="bigproject.testbig" name="logout" time="1.29"/>
  <testcase classname="bigproject.testbig" name="Login" time="1.954"/>
  <testcase classname="bigproject.testbig" name="additmes" time="2.248"/>
</testsuite> <!-- Default test -->
