<?xml version="1.0" encoding="UTF-8"?>
<!-- Generated by org.testng.reporters.JUnitXMLReporter -->
<testsuite ignored="3" hostname="DESKTOP-4L6TF0K" failures="0" tests="1" name="Default test" time="9.856" errors="0" timestamp="2025-09-17T21:21:22 EET">
  <testcase classname="bigproject.testbig" name="additmes" time="7.051"/>
  <testcase classname="bigproject.testbig" name="Login" time="0.0">
    <ignored/>
  </testcase> <!-- Login -->
  <testcase classname="bigproject.testbig" name="signup" time="0.0">
    <ignored/>
  </testcase> <!-- signup -->
  <testcase classname="bigproject.testbig" name="logout" time="0.0">
    <ignored/>
  </testcase> <!-- logout -->
</testsuite> <!-- Default test -->
