<?xml version="1.0" encoding="UTF-8"?>
<testng-results ignored="0" total="4" passed="4" failed="0" skipped="0">
  <reporter-output>
  </reporter-output>
  <suite started-at="2025-09-13T23:09:01 EET" name="Default suite" finished-at="2025-09-13T23:09:17 EET" duration-ms="15159">
    <groups>
    </groups>
    <test started-at="2025-09-13T23:09:01 EET" name="Default test" finished-at="2025-09-13T23:09:17 EET" duration-ms="15159">
      <class name="bigproject.testbig">
        <test-method is-config="true" signature="geturl()[pri:0, instance:bigproject.testbig@7e5d9a50]" started-at="2025-09-13T23:09:01 EET" name="geturl" finished-at="2025-09-13T23:09:04 EET" duration-ms="2168" status="PASS">
          <reporter-output>
          </reporter-output>
        </test-method> <!-- geturl -->
        <test-method signature="signup()[pri:1, instance:bigproject.testbig@7e5d9a50]" started-at="2025-09-13T23:09:04 EET" name="signup" finished-at="2025-09-13T23:09:11 EET" duration-ms="7427" status="PASS">
          <reporter-output>
          </reporter-output>
        </test-method> <!-- signup -->
        <test-method signature="logout()[pri:2, instance:bigproject.testbig@7e5d9a50]" started-at="2025-09-13T23:09:11 EET" name="logout" finished-at="2025-09-13T23:09:12 EET" duration-ms="1290" status="PASS">
          <reporter-output>
          </reporter-output>
        </test-method> <!-- logout -->
        <test-method signature="Login()[pri:3, instance:bigproject.testbig@7e5d9a50]" started-at="2025-09-13T23:09:12 EET" name="Login" finished-at="2025-09-13T23:09:14 EET" duration-ms="1954" status="PASS">
          <reporter-output>
          </reporter-output>
        </test-method> <!-- Login -->
        <test-method signature="additmes()[pri:4, instance:bigproject.testbig@7e5d9a50]" started-at="2025-09-13T23:09:14 EET" name="additmes" finished-at="2025-09-13T23:09:17 EET" duration-ms="2248" status="PASS">
          <reporter-output>
          </reporter-output>
        </test-method> <!-- additmes -->
        <test-method is-config="true" signature="After()[pri:0, instance:bigproject.testbig@7e5d9a50]" started-at="2025-09-13T23:09:17 EET" name="After" finished-at="2025-09-13T23:09:17 EET" duration-ms="1" status="PASS">
          <reporter-output>
          </reporter-output>
        </test-method> <!-- After -->
      </class> <!-- bigproject.testbig -->
    </test> <!-- Default test -->
  </suite> <!-- Default suite -->
</testng-results>
